running
  '/Library/Frameworks/R.framework/Versions/4.0/Resources/bin/R --no-echo --no-restore --vanilla --file=R/01_composition.R'

here() starts at /Users/advikshreekumar/Documents/phd/research/when-guidance-changes
── Attaching packages ─────────────────────────────────────── tidyverse 1.3.0 ──
✔ ggplot2 3.3.2     ✔ purrr   0.3.4
✔ tibble  3.0.3     ✔ dplyr   1.0.2
✔ tidyr   1.1.2     ✔ stringr 1.4.0
✔ readr   1.3.1     ✔ forcats 0.5.0
── Conflicts ────────────────────────────────────────── tidyverse_conflicts() ──
✖ dplyr::filter() masks stats::filter()
✖ dplyr::lag()    masks stats::lag()
Loading required package: zoo

Attaching package: ‘zoo’

The following objects are masked from ‘package:base’:

    as.Date, as.Date.numeric


Attaching package: ‘glue’

The following object is masked from ‘package:dplyr’:

    collapse

Parsed with column specification:
cols(
  category = col_character(),
  subcategory = col_character(),
  share = col_double()
)
Warning messages:
1: Problem with `mutate()` input `diff_p`.
ℹ Chi-squared approximation may be incorrect
ℹ Input `diff_p` is `map2_dbl(subcat_n, cat_n, diff_prop_p_val)`. 
2: In prop.test(x, n) : Chi-squared approximation may be incorrect
