running
  '/Library/Frameworks/R.framework/Versions/4.0/Resources/bin/R --no-echo --no-restore --vanilla --file=R/03_attrition.R'

here() starts at /Users/advikshreekumar/Documents/phd/research/when-guidance-changes
── Attaching packages ─────────────────────────────────────── tidyverse 1.3.0 ──
✔ ggplot2 3.3.2     ✔ purrr   0.3.4
✔ tibble  3.0.3     ✔ dplyr   1.0.2
✔ tidyr   1.1.2     ✔ stringr 1.4.0
✔ readr   1.3.1     ✔ forcats 0.5.0
── Conflicts ────────────────────────────────────────── tidyverse_conflicts() ──
✖ dplyr::filter() masks stats::filter()
✖ dplyr::lag()    masks stats::lag()

Attaching package: ‘glue’

The following object is masked from ‘package:dplyr’:

    collapse

Loading required package: Matrix

Attaching package: ‘Matrix’

The following objects are masked from ‘package:tidyr’:

    expand, pack, unpack

Loading required package: car
Loading required package: carData

Attaching package: ‘car’

The following object is masked from ‘package:dplyr’:

    recode

The following object is masked from ‘package:purrr’:

    some

Loading required package: lmtest
Loading required package: zoo

Attaching package: ‘zoo’

The following objects are masked from ‘package:base’:

    as.Date, as.Date.numeric


Please cite the 'systemfit' package as:
Arne Henningsen and Jeff D. Hamann (2007). systemfit: A Package for Estimating Systems of Simultaneous Equations in R. Journal of Statistical Software 23(4), 1-40. http://www.jstatsoft.org/v23/i04/.

If you have questions, suggestions, or comments regarding the 'systemfit' package, please use a forum or 'tracker' at systemfit's R-Forge site:
https://r-forge.r-project.org/projects/systemfit/
Warning messages:
1: Problem with `mutate()` input `test`.
ℹ Chi-squared approximation may be incorrect
ℹ Input `test` is `map2(drop_n, n, prop.test)`. 
2: In .f(.x[[i]], .y[[i]], ...) :
  Chi-squared approximation may be incorrect
Removing 2 rows with missing hispanic status.
We can't fit SUR across groups of different sizes (which happens if some obs are missing)
Warning messages:
1: Problem with `mutate()` input `model`.
ℹ the estimation of systems of equations with unequal numbers of observations has not been thoroughly tested yet
ℹ Input `model` is `map(formulas, systemfit, data = modeling_tb, method = "SUR")`. 
2: In .f(.x[[i]], ...) :
  the estimation of systems of equations with unequal numbers of observations has not been thoroughly tested yet
