running
  '/Library/Frameworks/R.framework/Versions/4.0/Resources/bin/R --no-echo --no-restore --vanilla --file=R/04_plot-posterior-steady-shifty.R'

── Attaching packages ─────────────────────────────────────── tidyverse 1.3.0 ──
✔ ggplot2 3.3.2     ✔ purrr   0.3.4
✔ tibble  3.0.3     ✔ dplyr   1.0.2
✔ tidyr   1.1.2     ✔ stringr 1.4.0
✔ readr   1.3.1     ✔ forcats 0.5.0
── Conflicts ────────────────────────────────────────── tidyverse_conflicts() ──
✖ dplyr::filter() masks stats::filter()
✖ dplyr::lag()    masks stats::lag()

Attaching package: ‘glue’

The following object is masked from ‘package:dplyr’:

    collapse

here() starts at /Users/advikshreekumar/Documents/phd/research/when-guidance-changes
Warning messages:
1: In is.na(x) :
  is.na() applied to non-(list or vector) of type 'expression'
2: In is.na(x) :
  is.na() applied to non-(list or vector) of type 'expression'
Warning messages:
1: In is.na(x) :
  is.na() applied to non-(list or vector) of type 'expression'
2: In is.na(x) :
  is.na() applied to non-(list or vector) of type 'expression'
